<?xml version="1.0" encoding="UTF-8" ?>
<testsuite failures="0" time="2.664" errors="0" skipped="0" tests="9" name="com.pks.myincidents.domain.IncidentIntegrationTest">
  <properties>
[...]
</properties>
  <testcase time="2.517" classname="com.pks.myincidents.domain.IncidentIntegrationTest" name="testFindAllIncidents"/>
  <testcase time="0.022" classname="com.pks.myincidents.domain.IncidentIntegrationTest" name="testFlush"/>
  <testcase time="0.02" classname="com.pks.myincidents.domain.IncidentIntegrationTest" name="testPersist"/>
  <testcase time="0.018" classname="com.pks.myincidents.domain.IncidentIntegrationTest" name="testCountIncidents"/>
  <testcase time="0.002" classname="com.pks.myincidents.domain.IncidentIntegrationTest" name="testMarkerMethod"/>
  <testcase time="0.02" classname="com.pks.myincidents.domain.IncidentIntegrationTest" name="testMergeUpdate"/>
  <testcase time="0.025" classname="com.pks.myincidents.domain.IncidentIntegrationTest" name="testFindIncident"/>
  <testcase time="0.016" classname="com.pks.myincidents.domain.IncidentIntegrationTest" name="testFindIncidentEntries"/>
  <testcase time="0.024" classname="com.pks.myincidents.domain.IncidentIntegrationTest" name="testRemove"/>
</testsuite>